[0.012s] Invoking command in '/home/magdeline/ros2_ws/src/openarm_ros2/openarm_description_moveit_config/build/openarm_description_moveit_config': CMAKE_PREFIX_PATH=${CMAKE_PREFIX_PATH}:/home/magdeline/ros2_ws/install/thesis_wings_description:/home/magdeline/ros2_ws/install/test2_swivel_4_bar_description:/home/magdeline/ros2_ws/install/openarm_v1_description:/home/magdeline/ros2_ws/install/openarm_v1_check_description:/home/magdeline/ros2_ws/install/openarm_prismatic_description:/home/magdeline/ros2_ws/install/openarm_prismatic2_description:/home/magdeline/ros2_ws/install/openarm_no_joints1517_description:/home/magdeline/ros2_ws/install/openarm_no_4_bar_joints_description:/home/magdeline/ros2_ws/install/openarm_no_4_bar_description:/home/magdeline/ros2_ws/install/openarm_collision_test_description:/home/magdeline/ros2_ws/install/camAssembly_4H_description:/opt/ros/humble /usr/bin/cmake --build /home/magdeline/ros2_ws/src/openarm_ros2/openarm_description_moveit_config/build/openarm_description_moveit_config -- -j12 -l12
[0.071s] Invoked command in '/home/magdeline/ros2_ws/src/openarm_ros2/openarm_description_moveit_config/build/openarm_description_moveit_config' returned '0': CMAKE_PREFIX_PATH=${CMAKE_PREFIX_PATH}:/home/magdeline/ros2_ws/install/thesis_wings_description:/home/magdeline/ros2_ws/install/test2_swivel_4_bar_description:/home/magdeline/ros2_ws/install/openarm_v1_description:/home/magdeline/ros2_ws/install/openarm_v1_check_description:/home/magdeline/ros2_ws/install/openarm_prismatic_description:/home/magdeline/ros2_ws/install/openarm_prismatic2_description:/home/magdeline/ros2_ws/install/openarm_no_joints1517_description:/home/magdeline/ros2_ws/install/openarm_no_4_bar_joints_description:/home/magdeline/ros2_ws/install/openarm_no_4_bar_description:/home/magdeline/ros2_ws/install/openarm_collision_test_description:/home/magdeline/ros2_ws/install/camAssembly_4H_description:/opt/ros/humble /usr/bin/cmake --build /home/magdeline/ros2_ws/src/openarm_ros2/openarm_description_moveit_config/build/openarm_description_moveit_config -- -j12 -l12
[0.078s] Invoking command in '/home/magdeline/ros2_ws/src/openarm_ros2/openarm_description_moveit_config/build/openarm_description_moveit_config': CMAKE_PREFIX_PATH=${CMAKE_PREFIX_PATH}:/home/magdeline/ros2_ws/install/thesis_wings_description:/home/magdeline/ros2_ws/install/test2_swivel_4_bar_description:/home/magdeline/ros2_ws/install/openarm_v1_description:/home/magdeline/ros2_ws/install/openarm_v1_check_description:/home/magdeline/ros2_ws/install/openarm_prismatic_description:/home/magdeline/ros2_ws/install/openarm_prismatic2_description:/home/magdeline/ros2_ws/install/openarm_no_joints1517_description:/home/magdeline/ros2_ws/install/openarm_no_4_bar_joints_description:/home/magdeline/ros2_ws/install/openarm_no_4_bar_description:/home/magdeline/ros2_ws/install/openarm_collision_test_description:/home/magdeline/ros2_ws/install/camAssembly_4H_description:/opt/ros/humble /usr/bin/cmake --install /home/magdeline/ros2_ws/src/openarm_ros2/openarm_description_moveit_config/build/openarm_description_moveit_config
[0.084s] -- Install configuration: ""
[0.085s] -- Up-to-date: /home/magdeline/ros2_ws/src/openarm_ros2/openarm_description_moveit_config/install/openarm_description_moveit_config/share/ament_index/resource_index/package_run_dependencies/openarm_description_moveit_config
[0.085s] -- Up-to-date: /home/magdeline/ros2_ws/src/openarm_ros2/openarm_description_moveit_config/install/openarm_description_moveit_config/share/ament_index/resource_index/parent_prefix_path/openarm_description_moveit_config
[0.085s] -- Up-to-date: /home/magdeline/ros2_ws/src/openarm_ros2/openarm_description_moveit_config/install/openarm_description_moveit_config/share/openarm_description_moveit_config/environment/ament_prefix_path.sh
[0.085s] -- Up-to-date: /home/magdeline/ros2_ws/src/openarm_ros2/openarm_description_moveit_config/install/openarm_description_moveit_config/share/openarm_description_moveit_config/environment/ament_prefix_path.dsv
[0.085s] -- Up-to-date: /home/magdeline/ros2_ws/src/openarm_ros2/openarm_description_moveit_config/install/openarm_description_moveit_config/share/openarm_description_moveit_config/environment/path.sh
[0.085s] -- Up-to-date: /home/magdeline/ros2_ws/src/openarm_ros2/openarm_description_moveit_config/install/openarm_description_moveit_config/share/openarm_description_moveit_config/environment/path.dsv
[0.085s] -- Up-to-date: /home/magdeline/ros2_ws/src/openarm_ros2/openarm_description_moveit_config/install/openarm_description_moveit_config/share/openarm_description_moveit_config/local_setup.bash
[0.085s] -- Up-to-date: /home/magdeline/ros2_ws/src/openarm_ros2/openarm_description_moveit_config/install/openarm_description_moveit_config/share/openarm_description_moveit_config/local_setup.sh
[0.085s] -- Up-to-date: /home/magdeline/ros2_ws/src/openarm_ros2/openarm_description_moveit_config/install/openarm_description_moveit_config/share/openarm_description_moveit_config/local_setup.zsh
[0.085s] -- Up-to-date: /home/magdeline/ros2_ws/src/openarm_ros2/openarm_description_moveit_config/install/openarm_description_moveit_config/share/openarm_description_moveit_config/local_setup.dsv
[0.085s] -- Up-to-date: /home/magdeline/ros2_ws/src/openarm_ros2/openarm_description_moveit_config/install/openarm_description_moveit_config/share/openarm_description_moveit_config/package.dsv
[0.085s] -- Up-to-date: /home/magdeline/ros2_ws/src/openarm_ros2/openarm_description_moveit_config/install/openarm_description_moveit_config/share/ament_index/resource_index/packages/openarm_description_moveit_config
[0.085s] -- Up-to-date: /home/magdeline/ros2_ws/src/openarm_ros2/openarm_description_moveit_config/install/openarm_description_moveit_config/share/openarm_description_moveit_config/cmake/openarm_description_moveit_configConfig.cmake
[0.085s] -- Up-to-date: /home/magdeline/ros2_ws/src/openarm_ros2/openarm_description_moveit_config/install/openarm_description_moveit_config/share/openarm_description_moveit_config/cmake/openarm_description_moveit_configConfig-version.cmake
[0.086s] -- Up-to-date: /home/magdeline/ros2_ws/src/openarm_ros2/openarm_description_moveit_config/install/openarm_description_moveit_config/share/openarm_description_moveit_config/package.xml
[0.086s] -- Up-to-date: /home/magdeline/ros2_ws/src/openarm_ros2/openarm_description_moveit_config/install/openarm_description_moveit_config/share/openarm_description_moveit_config/launch
[0.086s] -- Up-to-date: /home/magdeline/ros2_ws/src/openarm_ros2/openarm_description_moveit_config/install/openarm_description_moveit_config/share/openarm_description_moveit_config/launch/moveit_rviz.launch.py
[0.086s] -- Up-to-date: /home/magdeline/ros2_ws/src/openarm_ros2/openarm_description_moveit_config/install/openarm_description_moveit_config/share/openarm_description_moveit_config/launch/demo.launch.py
[0.086s] -- Up-to-date: /home/magdeline/ros2_ws/src/openarm_ros2/openarm_description_moveit_config/install/openarm_description_moveit_config/share/openarm_description_moveit_config/launch/static_virtual_joint_tfs.launch.py
[0.086s] -- Up-to-date: /home/magdeline/ros2_ws/src/openarm_ros2/openarm_description_moveit_config/install/openarm_description_moveit_config/share/openarm_description_moveit_config/launch/spawn_controllers.launch.py
[0.086s] -- Up-to-date: /home/magdeline/ros2_ws/src/openarm_ros2/openarm_description_moveit_config/install/openarm_description_moveit_config/share/openarm_description_moveit_config/launch/move_group.launch.py
[0.086s] -- Up-to-date: /home/magdeline/ros2_ws/src/openarm_ros2/openarm_description_moveit_config/install/openarm_description_moveit_config/share/openarm_description_moveit_config/launch/rsp.launch.py
[0.086s] -- Up-to-date: /home/magdeline/ros2_ws/src/openarm_ros2/openarm_description_moveit_config/install/openarm_description_moveit_config/share/openarm_description_moveit_config/launch/setup_assistant.launch.py
[0.086s] -- Up-to-date: /home/magdeline/ros2_ws/src/openarm_ros2/openarm_description_moveit_config/install/openarm_description_moveit_config/share/openarm_description_moveit_config/launch/warehouse_db.launch.py
[0.086s] -- Up-to-date: /home/magdeline/ros2_ws/src/openarm_ros2/openarm_description_moveit_config/install/openarm_description_moveit_config/share/openarm_description_moveit_config/config
[0.086s] -- Up-to-date: /home/magdeline/ros2_ws/src/openarm_ros2/openarm_description_moveit_config/install/openarm_description_moveit_config/share/openarm_description_moveit_config/config/joint_limits.yaml
[0.086s] -- Installing: /home/magdeline/ros2_ws/src/openarm_ros2/openarm_description_moveit_config/install/openarm_description_moveit_config/share/openarm_description_moveit_config/config/openarm.urdf.xacro
[0.087s] -- Up-to-date: /home/magdeline/ros2_ws/src/openarm_ros2/openarm_description_moveit_config/install/openarm_description_moveit_config/share/openarm_description_moveit_config/config/moveit.rviz
[0.087s] -- Up-to-date: /home/magdeline/ros2_ws/src/openarm_ros2/openarm_description_moveit_config/install/openarm_description_moveit_config/share/openarm_description_moveit_config/config/ros2_controllers.yaml
[0.087s] -- Up-to-date: /home/magdeline/ros2_ws/src/openarm_ros2/openarm_description_moveit_config/install/openarm_description_moveit_config/share/openarm_description_moveit_config/config/openarm.srdf
[0.087s] -- Up-to-date: /home/magdeline/ros2_ws/src/openarm_ros2/openarm_description_moveit_config/install/openarm_description_moveit_config/share/openarm_description_moveit_config/config/pilz_cartesian_limits.yaml
[0.087s] -- Up-to-date: /home/magdeline/ros2_ws/src/openarm_ros2/openarm_description_moveit_config/install/openarm_description_moveit_config/share/openarm_description_moveit_config/config/openarm.ros2_control.xacro
[0.087s] -- Installing: /home/magdeline/ros2_ws/src/openarm_ros2/openarm_description_moveit_config/install/openarm_description_moveit_config/share/openarm_description_moveit_config/config/moveit_controllers.yaml
[0.087s] -- Up-to-date: /home/magdeline/ros2_ws/src/openarm_ros2/openarm_description_moveit_config/install/openarm_description_moveit_config/share/openarm_description_moveit_config/config/kinematics.yaml
[0.087s] -- Up-to-date: /home/magdeline/ros2_ws/src/openarm_ros2/openarm_description_moveit_config/install/openarm_description_moveit_config/share/openarm_description_moveit_config/config/initial_positions.yaml
[0.087s] -- Up-to-date: /home/magdeline/ros2_ws/src/openarm_ros2/openarm_description_moveit_config/install/openarm_description_moveit_config/share/openarm_description_moveit_config/.setup_assistant
[0.088s] Invoked command in '/home/magdeline/ros2_ws/src/openarm_ros2/openarm_description_moveit_config/build/openarm_description_moveit_config' returned '0': CMAKE_PREFIX_PATH=${CMAKE_PREFIX_PATH}:/home/magdeline/ros2_ws/install/thesis_wings_description:/home/magdeline/ros2_ws/install/test2_swivel_4_bar_description:/home/magdeline/ros2_ws/install/openarm_v1_description:/home/magdeline/ros2_ws/install/openarm_v1_check_description:/home/magdeline/ros2_ws/install/openarm_prismatic_description:/home/magdeline/ros2_ws/install/openarm_prismatic2_description:/home/magdeline/ros2_ws/install/openarm_no_joints1517_description:/home/magdeline/ros2_ws/install/openarm_no_4_bar_joints_description:/home/magdeline/ros2_ws/install/openarm_no_4_bar_description:/home/magdeline/ros2_ws/install/openarm_collision_test_description:/home/magdeline/ros2_ws/install/camAssembly_4H_description:/opt/ros/humble /usr/bin/cmake --install /home/magdeline/ros2_ws/src/openarm_ros2/openarm_description_moveit_config/build/openarm_description_moveit_config
