[0.014s] Invoking command in '/home/magdeline/ros2_ws/src/openarm_ros2/openarm_description_moveit_config/build/openarm_description_moveit_config': CMAKE_PREFIX_PATH=${CMAKE_PREFIX_PATH}:/home/magdeline/ros2_ws/install/thesis_wings_description:/home/magdeline/ros2_ws/install/test2_swivel_4_bar_description:/home/magdeline/ros2_ws/install/openarm_v1_description:/home/magdeline/ros2_ws/install/openarm_v1_check_description:/home/magdeline/ros2_ws/install/openarm_prismatic_description:/home/magdeline/ros2_ws/install/openarm_prismatic2_description:/home/magdeline/ros2_ws/install/openarm_no_joints1517_description:/home/magdeline/ros2_ws/install/openarm_no_4_bar_joints_description:/home/magdeline/ros2_ws/install/openarm_no_4_bar_description:/home/magdeline/ros2_ws/install/openarm_collision_test_description:/home/magdeline/ros2_ws/install/camAssembly_4H_description:/opt/ros/humble /usr/bin/cmake /home/magdeline/ros2_ws/src/openarm_ros2/openarm_description_moveit_config -DCMAKE_INSTALL_PREFIX=/home/magdeline/ros2_ws/src/openarm_ros2/openarm_description_moveit_config/install/openarm_description_moveit_config
[0.414s] -- The C compiler identification is GNU 11.4.0
[1.127s] -- The CXX compiler identification is GNU 11.4.0
[1.470s] -- Detecting C compiler ABI info
[1.643s] -- Detecting C compiler ABI info - done
[1.647s] -- Check for working C compiler: /usr/bin/cc - skipped
[1.649s] -- Detecting C compile features
[1.650s] -- Detecting C compile features - done
[1.653s] -- Detecting CXX compiler ABI info
[1.834s] -- Detecting CXX compiler ABI info - done
[1.838s] -- Check for working CXX compiler: /usr/bin/c++ - skipped
[1.838s] -- Detecting CXX compile features
[1.839s] -- Detecting CXX compile features - done
[1.859s] -- Found ament_cmake: 1.3.11 (/opt/ros/humble/share/ament_cmake/cmake)
[1.978s] -- Found Python3: /usr/bin/python3 (found version "3.10.12") found components: Interpreter 
[2.139s] -- Configuring done
[2.142s] -- Generating done
[2.143s] -- Build files have been written to: /home/magdeline/ros2_ws/src/openarm_ros2/openarm_description_moveit_config/build/openarm_description_moveit_config
[2.148s] Invoked command in '/home/magdeline/ros2_ws/src/openarm_ros2/openarm_description_moveit_config/build/openarm_description_moveit_config' returned '0': CMAKE_PREFIX_PATH=${CMAKE_PREFIX_PATH}:/home/magdeline/ros2_ws/install/thesis_wings_description:/home/magdeline/ros2_ws/install/test2_swivel_4_bar_description:/home/magdeline/ros2_ws/install/openarm_v1_description:/home/magdeline/ros2_ws/install/openarm_v1_check_description:/home/magdeline/ros2_ws/install/openarm_prismatic_description:/home/magdeline/ros2_ws/install/openarm_prismatic2_description:/home/magdeline/ros2_ws/install/openarm_no_joints1517_description:/home/magdeline/ros2_ws/install/openarm_no_4_bar_joints_description:/home/magdeline/ros2_ws/install/openarm_no_4_bar_description:/home/magdeline/ros2_ws/install/openarm_collision_test_description:/home/magdeline/ros2_ws/install/camAssembly_4H_description:/opt/ros/humble /usr/bin/cmake /home/magdeline/ros2_ws/src/openarm_ros2/openarm_description_moveit_config -DCMAKE_INSTALL_PREFIX=/home/magdeline/ros2_ws/src/openarm_ros2/openarm_description_moveit_config/install/openarm_description_moveit_config
[2.148s] Invoking command in '/home/magdeline/ros2_ws/src/openarm_ros2/openarm_description_moveit_config/build/openarm_description_moveit_config': CMAKE_PREFIX_PATH=${CMAKE_PREFIX_PATH}:/home/magdeline/ros2_ws/install/thesis_wings_description:/home/magdeline/ros2_ws/install/test2_swivel_4_bar_description:/home/magdeline/ros2_ws/install/openarm_v1_description:/home/magdeline/ros2_ws/install/openarm_v1_check_description:/home/magdeline/ros2_ws/install/openarm_prismatic_description:/home/magdeline/ros2_ws/install/openarm_prismatic2_description:/home/magdeline/ros2_ws/install/openarm_no_joints1517_description:/home/magdeline/ros2_ws/install/openarm_no_4_bar_joints_description:/home/magdeline/ros2_ws/install/openarm_no_4_bar_description:/home/magdeline/ros2_ws/install/openarm_collision_test_description:/home/magdeline/ros2_ws/install/camAssembly_4H_description:/opt/ros/humble /usr/bin/cmake --build /home/magdeline/ros2_ws/src/openarm_ros2/openarm_description_moveit_config/build/openarm_description_moveit_config -- -j12 -l12
[2.174s] Invoked command in '/home/magdeline/ros2_ws/src/openarm_ros2/openarm_description_moveit_config/build/openarm_description_moveit_config' returned '0': CMAKE_PREFIX_PATH=${CMAKE_PREFIX_PATH}:/home/magdeline/ros2_ws/install/thesis_wings_description:/home/magdeline/ros2_ws/install/test2_swivel_4_bar_description:/home/magdeline/ros2_ws/install/openarm_v1_description:/home/magdeline/ros2_ws/install/openarm_v1_check_description:/home/magdeline/ros2_ws/install/openarm_prismatic_description:/home/magdeline/ros2_ws/install/openarm_prismatic2_description:/home/magdeline/ros2_ws/install/openarm_no_joints1517_description:/home/magdeline/ros2_ws/install/openarm_no_4_bar_joints_description:/home/magdeline/ros2_ws/install/openarm_no_4_bar_description:/home/magdeline/ros2_ws/install/openarm_collision_test_description:/home/magdeline/ros2_ws/install/camAssembly_4H_description:/opt/ros/humble /usr/bin/cmake --build /home/magdeline/ros2_ws/src/openarm_ros2/openarm_description_moveit_config/build/openarm_description_moveit_config -- -j12 -l12
[2.181s] Invoking command in '/home/magdeline/ros2_ws/src/openarm_ros2/openarm_description_moveit_config/build/openarm_description_moveit_config': CMAKE_PREFIX_PATH=${CMAKE_PREFIX_PATH}:/home/magdeline/ros2_ws/install/thesis_wings_description:/home/magdeline/ros2_ws/install/test2_swivel_4_bar_description:/home/magdeline/ros2_ws/install/openarm_v1_description:/home/magdeline/ros2_ws/install/openarm_v1_check_description:/home/magdeline/ros2_ws/install/openarm_prismatic_description:/home/magdeline/ros2_ws/install/openarm_prismatic2_description:/home/magdeline/ros2_ws/install/openarm_no_joints1517_description:/home/magdeline/ros2_ws/install/openarm_no_4_bar_joints_description:/home/magdeline/ros2_ws/install/openarm_no_4_bar_description:/home/magdeline/ros2_ws/install/openarm_collision_test_description:/home/magdeline/ros2_ws/install/camAssembly_4H_description:/opt/ros/humble /usr/bin/cmake --install /home/magdeline/ros2_ws/src/openarm_ros2/openarm_description_moveit_config/build/openarm_description_moveit_config
[2.186s] -- Install configuration: ""
[2.186s] -- Installing: /home/magdeline/ros2_ws/src/openarm_ros2/openarm_description_moveit_config/install/openarm_description_moveit_config/share/ament_index/resource_index/package_run_dependencies/openarm_description_moveit_config
[2.187s] -- Installing: /home/magdeline/ros2_ws/src/openarm_ros2/openarm_description_moveit_config/install/openarm_description_moveit_config/share/ament_index/resource_index/parent_prefix_path/openarm_description_moveit_config
[2.187s] -- Installing: /home/magdeline/ros2_ws/src/openarm_ros2/openarm_description_moveit_config/install/openarm_description_moveit_config/share/openarm_description_moveit_config/environment/ament_prefix_path.sh
[2.187s] -- Installing: /home/magdeline/ros2_ws/src/openarm_ros2/openarm_description_moveit_config/install/openarm_description_moveit_config/share/openarm_description_moveit_config/environment/ament_prefix_path.dsv
[2.187s] -- Installing: /home/magdeline/ros2_ws/src/openarm_ros2/openarm_description_moveit_config/install/openarm_description_moveit_config/share/openarm_description_moveit_config/environment/path.sh
[2.187s] -- Installing: /home/magdeline/ros2_ws/src/openarm_ros2/openarm_description_moveit_config/install/openarm_description_moveit_config/share/openarm_description_moveit_config/environment/path.dsv
[2.187s] -- Installing: /home/magdeline/ros2_ws/src/openarm_ros2/openarm_description_moveit_config/install/openarm_description_moveit_config/share/openarm_description_moveit_config/local_setup.bash
[2.187s] -- Installing: /home/magdeline/ros2_ws/src/openarm_ros2/openarm_description_moveit_config/install/openarm_description_moveit_config/share/openarm_description_moveit_config/local_setup.sh
[2.188s] -- Installing: /home/magdeline/ros2_ws/src/openarm_ros2/openarm_description_moveit_config/install/openarm_description_moveit_config/share/openarm_description_moveit_config/local_setup.zsh
[2.188s] -- Installing: /home/magdeline/ros2_ws/src/openarm_ros2/openarm_description_moveit_config/install/openarm_description_moveit_config/share/openarm_description_moveit_config/local_setup.dsv
[2.188s] -- Installing: /home/magdeline/ros2_ws/src/openarm_ros2/openarm_description_moveit_config/install/openarm_description_moveit_config/share/openarm_description_moveit_config/package.dsv
[2.188s] -- Installing: /home/magdeline/ros2_ws/src/openarm_ros2/openarm_description_moveit_config/install/openarm_description_moveit_config/share/ament_index/resource_index/packages/openarm_description_moveit_config
[2.188s] -- Installing: /home/magdeline/ros2_ws/src/openarm_ros2/openarm_description_moveit_config/install/openarm_description_moveit_config/share/openarm_description_moveit_config/cmake/openarm_description_moveit_configConfig.cmake
[2.188s] -- Installing: /home/magdeline/ros2_ws/src/openarm_ros2/openarm_description_moveit_config/install/openarm_description_moveit_config/share/openarm_description_moveit_config/cmake/openarm_description_moveit_configConfig-version.cmake
[2.188s] -- Installing: /home/magdeline/ros2_ws/src/openarm_ros2/openarm_description_moveit_config/install/openarm_description_moveit_config/share/openarm_description_moveit_config/package.xml
[2.189s] -- Installing: /home/magdeline/ros2_ws/src/openarm_ros2/openarm_description_moveit_config/install/openarm_description_moveit_config/share/openarm_description_moveit_config/launch
[2.189s] -- Installing: /home/magdeline/ros2_ws/src/openarm_ros2/openarm_description_moveit_config/install/openarm_description_moveit_config/share/openarm_description_moveit_config/launch/moveit_rviz.launch.py
[2.189s] -- Installing: /home/magdeline/ros2_ws/src/openarm_ros2/openarm_description_moveit_config/install/openarm_description_moveit_config/share/openarm_description_moveit_config/launch/demo.launch.py
[2.189s] -- Installing: /home/magdeline/ros2_ws/src/openarm_ros2/openarm_description_moveit_config/install/openarm_description_moveit_config/share/openarm_description_moveit_config/launch/static_virtual_joint_tfs.launch.py
[2.190s] -- Installing: /home/magdeline/ros2_ws/src/openarm_ros2/openarm_description_moveit_config/install/openarm_description_moveit_config/share/openarm_description_moveit_config/launch/spawn_controllers.launch.py
[2.190s] -- Installing: /home/magdeline/ros2_ws/src/openarm_ros2/openarm_description_moveit_config/install/openarm_description_moveit_config/share/openarm_description_moveit_config/launch/move_group.launch.py
[2.190s] -- Installing: /home/magdeline/ros2_ws/src/openarm_ros2/openarm_description_moveit_config/install/openarm_description_moveit_config/share/openarm_description_moveit_config/launch/rsp.launch.py
[2.190s] -- Installing: /home/magdeline/ros2_ws/src/openarm_ros2/openarm_description_moveit_config/install/openarm_description_moveit_config/share/openarm_description_moveit_config/launch/setup_assistant.launch.py
[2.190s] -- Installing: /home/magdeline/ros2_ws/src/openarm_ros2/openarm_description_moveit_config/install/openarm_description_moveit_config/share/openarm_description_moveit_config/launch/warehouse_db.launch.py
[2.190s] -- Installing: /home/magdeline/ros2_ws/src/openarm_ros2/openarm_description_moveit_config/install/openarm_description_moveit_config/share/openarm_description_moveit_config/config
[2.190s] -- Installing: /home/magdeline/ros2_ws/src/openarm_ros2/openarm_description_moveit_config/install/openarm_description_moveit_config/share/openarm_description_moveit_config/config/joint_limits.yaml
[2.190s] -- Installing: /home/magdeline/ros2_ws/src/openarm_ros2/openarm_description_moveit_config/install/openarm_description_moveit_config/share/openarm_description_moveit_config/config/openarm.urdf.xacro
[2.190s] -- Installing: /home/magdeline/ros2_ws/src/openarm_ros2/openarm_description_moveit_config/install/openarm_description_moveit_config/share/openarm_description_moveit_config/config/moveit.rviz
[2.190s] -- Installing: /home/magdeline/ros2_ws/src/openarm_ros2/openarm_description_moveit_config/install/openarm_description_moveit_config/share/openarm_description_moveit_config/config/ros2_controllers.yaml
[2.190s] -- Installing: /home/magdeline/ros2_ws/src/openarm_ros2/openarm_description_moveit_config/install/openarm_description_moveit_config/share/openarm_description_moveit_config/config/openarm.srdf
[2.191s] -- Installing: /home/magdeline/ros2_ws/src/openarm_ros2/openarm_description_moveit_config/install/openarm_description_moveit_config/share/openarm_description_moveit_config/config/pilz_cartesian_limits.yaml
[2.191s] -- Installing: /home/magdeline/ros2_ws/src/openarm_ros2/openarm_description_moveit_config/install/openarm_description_moveit_config/share/openarm_description_moveit_config/config/openarm.ros2_control.xacro
[2.191s] -- Installing: /home/magdeline/ros2_ws/src/openarm_ros2/openarm_description_moveit_config/install/openarm_description_moveit_config/share/openarm_description_moveit_config/config/moveit_controllers.yaml
[2.191s] -- Installing: /home/magdeline/ros2_ws/src/openarm_ros2/openarm_description_moveit_config/install/openarm_description_moveit_config/share/openarm_description_moveit_config/config/kinematics.yaml
[2.191s] -- Installing: /home/magdeline/ros2_ws/src/openarm_ros2/openarm_description_moveit_config/install/openarm_description_moveit_config/share/openarm_description_moveit_config/config/initial_positions.yaml
[2.191s] -- Installing: /home/magdeline/ros2_ws/src/openarm_ros2/openarm_description_moveit_config/install/openarm_description_moveit_config/share/openarm_description_moveit_config/.setup_assistant
[2.192s] Invoked command in '/home/magdeline/ros2_ws/src/openarm_ros2/openarm_description_moveit_config/build/openarm_description_moveit_config' returned '0': CMAKE_PREFIX_PATH=${CMAKE_PREFIX_PATH}:/home/magdeline/ros2_ws/install/thesis_wings_description:/home/magdeline/ros2_ws/install/test2_swivel_4_bar_description:/home/magdeline/ros2_ws/install/openarm_v1_description:/home/magdeline/ros2_ws/install/openarm_v1_check_description:/home/magdeline/ros2_ws/install/openarm_prismatic_description:/home/magdeline/ros2_ws/install/openarm_prismatic2_description:/home/magdeline/ros2_ws/install/openarm_no_joints1517_description:/home/magdeline/ros2_ws/install/openarm_no_4_bar_joints_description:/home/magdeline/ros2_ws/install/openarm_no_4_bar_description:/home/magdeline/ros2_ws/install/openarm_collision_test_description:/home/magdeline/ros2_ws/install/camAssembly_4H_description:/opt/ros/humble /usr/bin/cmake --install /home/magdeline/ros2_ws/src/openarm_ros2/openarm_description_moveit_config/build/openarm_description_moveit_config
